c:\users\hiror\onedrive\デスクトップ\gcluc2023hiroshima\gcluc\gameprogramming\debug\vc142.pdb
c:\users\hiror\onedrive\デスクトップ\gcluc2023hiroshima\gcluc\gameprogramming\debug\vc142.idb
c:\users\hiror\onedrive\デスクトップ\gcluc2023hiroshima\gcluc\gameprogramming\debug\main.obj
c:\users\hiror\onedrive\デスクトップ\gcluc2023hiroshima\gcluc\gameprogramming\debug\cui.obj
c:\users\hiror\onedrive\デスクトップ\gcluc2023hiroshima\gcluc\gameprogramming\debug\cinput.obj
c:\users\hiror\onedrive\デスクトップ\gcluc2023hiroshima\gcluc\gameprogramming\debug\ctexture.obj
c:\users\hiror\onedrive\デスクトップ\gcluc2023hiroshima\gcluc\gameprogramming\debug\ctaskmanager.obj
c:\users\hiror\onedrive\デスクトップ\gcluc2023hiroshima\gcluc\gameprogramming\debug\ctask.obj
c:\users\hiror\onedrive\デスクトップ\gcluc2023hiroshima\gcluc\gameprogramming\debug\csound.obj
c:\users\hiror\onedrive\デスクトップ\gcluc2023hiroshima\gcluc\gameprogramming\debug\crectangle.obj
c:\users\hiror\onedrive\デスクトップ\gcluc2023hiroshima\gcluc\gameprogramming\debug\cplayer.obj
c:\users\hiror\onedrive\デスクトップ\gcluc2023hiroshima\gcluc\gameprogramming\debug\cfont.obj
c:\users\hiror\onedrive\デスクトップ\gcluc2023hiroshima\gcluc\gameprogramming\debug\cenemy2.obj
c:\users\hiror\onedrive\デスクトップ\gcluc2023hiroshima\gcluc\gameprogramming\debug\cenemy.obj
c:\users\hiror\onedrive\デスクトップ\gcluc2023hiroshima\gcluc\gameprogramming\debug\ccharactermanager.obj
c:\users\hiror\onedrive\デスクトップ\gcluc2023hiroshima\gcluc\gameprogramming\debug\ccharacter.obj
c:\users\hiror\onedrive\デスクトップ\gcluc2023hiroshima\gcluc\gameprogramming\debug\ccamera.obj
c:\users\hiror\onedrive\デスクトップ\gcluc2023hiroshima\gcluc\gameprogramming\debug\capplication.obj
c:\users\hiror\onedrive\デスクトップ\gcluc2023hiroshima\gcluc\gameprogramming\debug\cgame.obj
c:\users\hiror\onedrive\デスクトップ\gcluc2023hiroshima\gcluc\debug\gameprogramming.exe
c:\users\hiror\onedrive\デスクトップ\gcluc2023hiroshima\gcluc\gameprogramming\debug\gameprogramming.ilk
c:\users\hiror\onedrive\デスクトップ\gcluc2023hiroshima\gcluc\debug\gameprogramming.pdb
c:\users\hiror\onedrive\デスクトップ\gcluc2023hiroshima\gcluc\gameprogramming\debug\gameprogramming.tlog\cl.command.1.tlog
c:\users\hiror\onedrive\デスクトップ\gcluc2023hiroshima\gcluc\gameprogramming\debug\gameprogramming.tlog\cl.read.1.tlog
c:\users\hiror\onedrive\デスクトップ\gcluc2023hiroshima\gcluc\gameprogramming\debug\gameprogramming.tlog\cl.write.1.tlog
c:\users\hiror\onedrive\デスクトップ\gcluc2023hiroshima\gcluc\gameprogramming\debug\gameprogramming.tlog\link.command.1.tlog
c:\users\hiror\onedrive\デスクトップ\gcluc2023hiroshima\gcluc\gameprogramming\debug\gameprogramming.tlog\link.read.1.tlog
c:\users\hiror\onedrive\デスクトップ\gcluc2023hiroshima\gcluc\gameprogramming\debug\gameprogramming.tlog\link.write.1.tlog
