  CApplication.cpp
  CBackGrounad.cpp
  CBoss.cpp
  CCamera.cpp
  CCharacter.cpp
  CCharacterManager.cpp
  CEnemy.cpp
  CEnemy2.cpp
  CFont.cpp
  CGame.cpp
  CHeart.cpp
  CPlayer.cpp
  CRectangle.cpp
  CSlime.cpp
  CSound.cpp
  CTask.cpp
  CTaskManager.cpp
  CTexture.cpp
  CInput.cpp
  CUi.cpp
  コードを生成中...
  コンパイル中...
  CWolf.cpp
  main.cpp
  コードを生成中...
LINK : warning LNK4098: defaultlib 'MSVCRT' は他のライブラリの使用と競合しています。/NODEFAULTLIB:library を使用してください。
LINK : warning LNK4098: defaultlib 'LIBCMT' は他のライブラリの使用と競合しています。/NODEFAULTLIB:library を使用してください。
  GameProgramming.vcxproj -> C:\Users\hiror\OneDrive\デスクトップ\GCLUC2023HIROSHIMA\GCLUC\Debug\GameProgramming.exe
